<?xml version="1.0" encoding="UTF-8"?>
<!-- Generated by org.testng.reporters.JUnitXMLReporter -->
<testsuite hostname="nuvz-242" name="Default test(failed)" tests="1" failures="1" timestamp="23 Jul 2019 06:35:44 GMT" time="47.22" errors="0">
  <testcase name="testLogin" time="1.827" classname="scripts.TestLogin">
    <failure type="java.lang.AssertionError" message="null">
      <![CDATA[java.lang.AssertionError: null
	at generic.AutoUtility.getRowNum(AutoUtility.java:88)
	at scripts.TestLogin.testLogin(TestLogin.java:13)
... Removed 26 stack frames]]>
    </failure>
  </testcase> <!-- testLogin -->
</testsuite> <!-- Default test(failed) -->
