<?xml version="1.0" encoding="UTF-8"?>
<testng-results skipped="0" failed="0" total="1" passed="1">
  <reporter-output>
  </reporter-output>
  <suite name="Suite" duration-ms="37383" started-at="2019-07-22T12:22:28Z" finished-at="2019-07-22T12:23:06Z">
    <groups>
    </groups>
    <test name="Test" duration-ms="37383" started-at="2019-07-22T12:22:28Z" finished-at="2019-07-22T12:23:06Z">
      <class name="scripts.TestLogin">
        <test-method status="PASS" signature="initFrameWork()[pri:0, instance:scripts.TestLogin@3224f60b]" name="initFrameWork" is-config="true" duration-ms="14" started-at="2019-07-22T17:52:28Z" finished-at="2019-07-22T17:52:28Z">
          <reporter-output>
          </reporter-output>
        </test-method> <!-- initFrameWork -->
        <test-method status="PASS" signature="openPortal(java.lang.String)[pri:0, instance:scripts.TestLogin@3224f60b]" name="openPortal" is-config="true" duration-ms="18340" started-at="2019-07-22T17:52:28Z" finished-at="2019-07-22T17:52:46Z">
          <params>
            <param index="0">
              <value>
                <![CDATA[chrome]]>
              </value>
            </param>
          </params>
          <reporter-output>
          </reporter-output>
        </test-method> <!-- openPortal -->
        <test-method status="PASS" signature="testLogin()[pri:0, instance:scripts.TestLogin@3224f60b]" name="testLogin" duration-ms="15820" started-at="2019-07-22T17:52:46Z" finished-at="2019-07-22T17:53:02Z">
          <reporter-output>
          </reporter-output>
        </test-method> <!-- testLogin -->
        <test-method status="PASS" signature="closeBrowser(org.testng.ITestResult)[pri:0, instance:scripts.TestLogin@3224f60b]" name="closeBrowser" is-config="true" duration-ms="3210" started-at="2019-07-22T17:53:02Z" finished-at="2019-07-22T17:53:06Z">
          <params>
            <param index="0">
              <value>
                <![CDATA[[TestResult name=testLogin status=SUCCESS method=TestLogin.testLogin()[pri:0, instance:scripts.TestLogin@3224f60b] output={null}]]]>
              </value>
            </param>
          </params>
          <reporter-output>
          </reporter-output>
        </test-method> <!-- closeBrowser -->
      </class> <!-- scripts.TestLogin -->
    </test> <!-- Test -->
  </suite> <!-- Suite -->
</testng-results>
